#
# There is insufficient memory for the Java Runtime Environment to continue.
# Native memory allocation (malloc) failed to allocate 2097152 bytes for AllocateHeap
# Possible reasons:
#   The system is out of physical RAM or swap space
#   The process is running with CompressedOops enabled, and the Java Heap may be blocking the growth of the native heap
# Possible solutions:
#   Reduce memory load on the system
#   Increase physical memory or swap space
#   Check if swap backing store is full
#   Decrease Java heap size (-Xmx/-Xms)
#   Decrease number of Java threads
#   Decrease Java thread stack sizes (-Xss)
#   Set larger code cache with -XX:ReservedCodeCacheSize=
#   JVM is running with Unscaled Compressed Oops mode in which the Java heap is
#     placed in the first 4GB address space. The Java Heap base address is the
#     maximum limit for the native heap growth. Please use -XX:HeapBaseMinAddress
#     to set the Java Heap base and to place the Java Heap above 4GB virtual address.
# This output file may be truncated or incomplete.
#
#  Out of Memory Error (allocation.cpp:44), pid=15136, tid=9756
#
# JRE version: OpenJDK Runtime Environment Temurin-17.0.5+8 (17.0.5+8) (build 17.0.5+8)
# Java VM: OpenJDK 64-Bit Server VM Temurin-17.0.5+8 (17.0.5+8, mixed mode, emulated-client, tiered, compressed oops, compressed class ptrs, g1 gc, windows-amd64)
# No core dump will be written. Minidumps are not enabled by default on client versions of Windows
#

---------------  S U M M A R Y ------------

Command Line: -XX:+HeapDumpOnOutOfMemoryError -Xmx1024m -Dsts.lsp.client=vscode -Dsts.log.file=/dev/null -XX:TieredStopAtLevel=1 -Xlog:jni+resolve=off -Dspring.config.location=file:c:\Users\LENOVO I5\.vscode\extensions\vmware.vscode-spring-boot-1.44.0\language-server\BOOT-INF\classes\application.properties org.springframework.ide.vscode.boot.app.BootLanguageServerBootApp

Host: Intel(R) Core(TM) i5-7200U CPU @ 2.50GHz, 4 cores, 7G,  Windows 10 , 64 bit Build 19041 (10.0.19041.2364)
Time: Tue Jan 31 21:29:18 2023 Central America Standard Time elapsed time: 2072.288749 seconds (0d 0h 34m 32s)

---------------  T H R E A D  ---------------

Current thread (0x000001462fbc4c00):  VMThread "VM Thread" [stack: 0x00000024e3d00000,0x00000024e3e00000] [id=9756]

Stack: [0x00000024e3d00000,0x00000024e3e00000]
Native frames: (J=compiled Java code, j=interpreted, Vv=VM code, C=native code)
V  [jvm.dll+0x676b3a]
V  [jvm.dll+0x831444]
V  [jvm.dll+0x832bee]
V  [jvm.dll+0x833253]
V  [jvm.dll+0x244ce5]
V  [jvm.dll+0xa631f]
V  [jvm.dll+0x2f4f91]
V  [jvm.dll+0x2f0c10]
V  [jvm.dll+0x2d92f7]
V  [jvm.dll+0x31c3b7]
V  [jvm.dll+0x8376fb]
V  [jvm.dll+0x838434]
V  [jvm.dll+0x83894c]
V  [jvm.dll+0x838d24]
V  [jvm.dll+0x838df0]
V  [jvm.dll+0x7e17ea]
V  [jvm.dll+0x6759e5]
C  [ucrtbase.dll+0x21bb2]
C  [KERNEL32.DLL+0x17614]
C  [ntdll.dll+0x526a1]

VM_Operation (0x00000024e50ff160): G1CollectFull, mode: safepoint, requested by thread 0x0000014630f037f0


---------------  P R O C E S S  ---------------

Threads class SMR info:
_java_thread_list=0x000001463460c450, length=22, elements={
0x000001462fbd9100, 0x000001462fbda100, 0x000001462fc118a0, 0x000001462fc12420,
0x000001462fc15d00, 0x000001462fc1e5d0, 0x000001462fc22390, 0x000001462fc22c90,
0x00000146309ef9e0, 0x00000146309f2300, 0x0000014631ba4220, 0x0000014630f03320,
0x0000014630f037f0, 0x0000014631ce21f0, 0x0000014631ce26c0, 0x00000146310e0470,
0x0000014631daaae0, 0x0000014631fd2850, 0x0000014631fd2380, 0x0000014631fd1eb0,
0x0000014634464a10, 0x0000014631efa550
}

Java Threads: ( => current thread )
  0x000001462fbd9100 JavaThread "Reference Handler" daemon [_thread_blocked, id=1280, stack(0x00000024e3e00000,0x00000024e3f00000)]
  0x000001462fbda100 JavaThread "Finalizer" daemon [_thread_blocked, id=15252, stack(0x00000024e3f00000,0x00000024e4000000)]
  0x000001462fc118a0 JavaThread "Signal Dispatcher" daemon [_thread_blocked, id=7936, stack(0x00000024e4000000,0x00000024e4100000)]
  0x000001462fc12420 JavaThread "Attach Listener" daemon [_thread_blocked, id=6356, stack(0x00000024e4100000,0x00000024e4200000)]
  0x000001462fc15d00 JavaThread "Service Thread" daemon [_thread_blocked, id=4712, stack(0x00000024e4200000,0x00000024e4300000)]
  0x000001462fc1e5d0 JavaThread "Monitor Deflation Thread" daemon [_thread_blocked, id=7688, stack(0x00000024e4300000,0x00000024e4400000)]
  0x000001462fc22390 JavaThread "C1 CompilerThread0" daemon [_thread_blocked, id=15456, stack(0x00000024e4400000,0x00000024e4500000)]
  0x000001462fc22c90 JavaThread "Sweeper thread" daemon [_thread_blocked, id=13880, stack(0x00000024e4500000,0x00000024e4600000)]
  0x00000146309ef9e0 JavaThread "Notification Thread" daemon [_thread_blocked, id=12052, stack(0x00000024e4700000,0x00000024e4800000)]
  0x00000146309f2300 JavaThread "Common-Cleaner" daemon [_thread_blocked, id=12104, stack(0x00000024e4900000,0x00000024e4a00000)]
  0x0000014631ba4220 JavaThread "boundedElastic-evictor-1" daemon [_thread_blocked, id=9252, stack(0x00000024e4e00000,0x00000024e4f00000)]
  0x0000014630f03320 JavaThread "boundedElastic-evictor-2" daemon [_thread_blocked, id=6752, stack(0x00000024e4f00000,0x00000024e5000000)]
  0x0000014630f037f0 JavaThread "pool-10-thread-1" [_thread_blocked, id=10008, stack(0x00000024e5000000,0x00000024e5100000)]
  0x0000014631ce21f0 JavaThread "LanguageServerApp-lifecycle" [_thread_blocked, id=13860, stack(0x00000024e5100000,0x00000024e5200000)]
  0x0000014631ce26c0 JavaThread "DestroyJavaVM" [_thread_blocked, id=14016, stack(0x00000024e3700000,0x00000024e3800000)]
  0x00000146310e0470 JavaThread "pool-11-thread-1" [_thread_in_native, id=15964, stack(0x00000024e5200000,0x00000024e5300000)]
  0x0000014631daaae0 JavaThread "Simple-Language-Server main thread" daemon [_thread_blocked, id=2956, stack(0x00000024e5300000,0x00000024e5400000)]
  0x0000014631fd2850 JavaThread "parallel-1" daemon [_thread_blocked, id=7796, stack(0x00000024e5d00000,0x00000024e5e00000)]
  0x0000014631fd2380 JavaThread "pool-4-thread-1" [_thread_blocked, id=608, stack(0x00000024e6200000,0x00000024e6300000)]
  0x0000014631fd1eb0 JavaThread "parallel-2" daemon [_thread_blocked, id=10428, stack(0x00000024e6300000,0x00000024e6400000)]
  0x0000014634464a10 JavaThread "parallel-3" daemon [_thread_blocked, id=7020, stack(0x00000024e6400000,0x00000024e6500000)]
  0x0000014631efa550 JavaThread "parallel-4" daemon [_thread_blocked, id=14624, stack(0x00000024e3400000,0x00000024e3500000)]

Other Threads:
=>0x000001462fbc4c00 VMThread "VM Thread" [stack: 0x00000024e3d00000,0x00000024e3e00000] [id=9756]
  0x00000146309efeb0 WatcherThread [stack: 0x00000024e4800000,0x00000024e4900000] [id=8592]
  0x00000146256c1590 GCTaskThread "GC Thread#0" [stack: 0x00000024e3800000,0x00000024e3900000] [id=10912]
  0x00000146311a8be0 GCTaskThread "GC Thread#1" [stack: 0x00000024e4a00000,0x00000024e4b00000] [id=6720]
  0x0000014630df7690 GCTaskThread "GC Thread#2" [stack: 0x00000024e4b00000,0x00000024e4c00000] [id=12552]
  0x00000146313fec20 GCTaskThread "GC Thread#3" [stack: 0x00000024e4c00000,0x00000024e4d00000] [id=12144]
  0x00000146256ca3e0 ConcurrentGCThread "G1 Main Marker" [stack: 0x00000024e3900000,0x00000024e3a00000] [id=9892]
  0x00000146256cad00 ConcurrentGCThread "G1 Conc#0" [stack: 0x00000024e3a00000,0x00000024e3b00000] [id=1532]
  0x00000146257485e0 ConcurrentGCThread "G1 Refine#0" [stack: 0x00000024e3b00000,0x00000024e3c00000] [id=368]
  0x0000014631095650 ConcurrentGCThread "G1 Refine#1" [stack: 0x00000024e6100000,0x00000024e6200000] [id=2920]
  0x0000014631095c10 ConcurrentGCThread "G1 Refine#2" [stack: 0x00000024e6600000,0x00000024e6700000] [id=15420]
  0x00000146310961d0 ConcurrentGCThread "G1 Refine#3" [stack: 0x00000024e6500000,0x00000024e6600000] [id=14996]
  0x0000014625749f20 ConcurrentGCThread "G1 Service" [stack: 0x00000024e3c00000,0x00000024e3d00000] [id=7608]

Threads with active compile tasks:

VM state: at safepoint (normal execution)

VM Mutex/Monitor currently owned by a thread:  ([mutex/lock_event])
[0x000001462351b420] Threads_lock - owner thread: 0x000001462fbc4c00
[0x000001462351b390] Heap_lock - owner thread: 0x0000014630f037f0

Heap address: 0x00000000c0000000, size: 1024 MB, Compressed Oops mode: 32-bit

CDS archive(s) not mapped
Compressed class space mapped at: 0x0000000100000000-0x0000000140000000, reserved size: 1073741824
Narrow klass base: 0x0000000000000000, Narrow klass shift: 3, Narrow klass range: 0x140000000

GC Precious Log:
 CPUs: 4 total, 4 available
 Memory: 8066M
 Large Page Support: Disabled
 NUMA Support: Disabled
 Compressed Oops: Enabled (32-bit)
 Heap Region Size: 1M
 Heap Min Capacity: 8M
 Heap Initial Capacity: 128M
 Heap Max Capacity: 1G
 Pre-touch: Disabled
 Parallel Workers: 4
 Concurrent Workers: 1
 Concurrent Refinement Workers: 4
 Periodic GC: Disabled

Heap:
 garbage-first heap   total 122880K, used 35748K [0x00000000c0000000, 0x0000000100000000)
  region size 1024K, 1 young (1024K), 0 survivors (0K)
 Metaspace       used 54169K, committed 54784K, reserved 1097728K
  class space    used 7464K, committed 7744K, reserved 1048576K

Heap Regions: E=young(eden), S=young(survivor), O=old, HS=humongous(starts), HC=humongous(continues), CS=collection set, F=free, OA=open archive, CA=closed archive, TAMS=top-at-mark-start (previous, next)
|   0|0x00000000c0000000, 0x00000000c00fffb8, 0x00000000c0100000| 99%| O|  |TAMS 0x00000000c00fffb8, 0x00000000c0000000| Untracked 
|   1|0x00000000c0100000, 0x00000000c0200000, 0x00000000c0200000|100%| O|  |TAMS 0x00000000c0200000, 0x00000000c0100000| Untracked 
|   2|0x00000000c0200000, 0x00000000c0300000, 0x00000000c0300000|100%| O|  |TAMS 0x00000000c0300000, 0x00000000c0200000| Untracked 
|   3|0x00000000c0300000, 0x00000000c03ffff8, 0x00000000c0400000| 99%| O|  |TAMS 0x00000000c03ffff8, 0x00000000c0300000| Untracked 
|   4|0x00000000c0400000, 0x00000000c0500000, 0x00000000c0500000|100%| O|  |TAMS 0x00000000c0500000, 0x00000000c0400000| Untracked 
|   5|0x00000000c0500000, 0x00000000c0600000, 0x00000000c0600000|100%| O|  |TAMS 0x00000000c0600000, 0x00000000c0500000| Untracked 
|   6|0x00000000c0600000, 0x00000000c06fffe8, 0x00000000c0700000| 99%| O|  |TAMS 0x00000000c06fffe8, 0x00000000c0600000| Untracked 
|   7|0x00000000c0700000, 0x00000000c07fffd8, 0x00000000c0800000| 99%| O|  |TAMS 0x00000000c07fffd8, 0x00000000c0700000| Untracked 
|   8|0x00000000c0800000, 0x00000000c08fffd8, 0x00000000c0900000| 99%| O|  |TAMS 0x00000000c08fffd8, 0x00000000c0800000| Untracked 
|   9|0x00000000c0900000, 0x00000000c09ffff8, 0x00000000c0a00000| 99%| O|  |TAMS 0x00000000c09ffff8, 0x00000000c0900000| Untracked 
|  10|0x00000000c0a00000, 0x00000000c0b00000, 0x00000000c0b00000|100%| O|  |TAMS 0x00000000c0b00000, 0x00000000c0a00000| Untracked 
|  11|0x00000000c0b00000, 0x00000000c0bfffd8, 0x00000000c0c00000| 99%| O|  |TAMS 0x00000000c0bfffd8, 0x00000000c0b00000| Untracked 
|  12|0x00000000c0c00000, 0x00000000c0cfff68, 0x00000000c0d00000| 99%| O|  |TAMS 0x00000000c0cfff68, 0x00000000c0c00000| Untracked 
|  13|0x00000000c0d00000, 0x00000000c0dffff0, 0x00000000c0e00000| 99%| O|  |TAMS 0x00000000c0dffff0, 0x00000000c0d00000| Untracked 
|  14|0x00000000c0e00000, 0x00000000c0efffe8, 0x00000000c0f00000| 99%| O|  |TAMS 0x00000000c0efffe8, 0x00000000c0e00000| Untracked 
|  15|0x00000000c0f00000, 0x00000000c0ffffb8, 0x00000000c1000000| 99%| O|  |TAMS 0x00000000c0ffffb8, 0x00000000c0f00000| Untracked 
|  16|0x00000000c1000000, 0x00000000c1100000, 0x00000000c1100000|100%| O|  |TAMS 0x00000000c1100000, 0x00000000c1000000| Untracked 
|  17|0x00000000c1100000, 0x00000000c11fffd8, 0x00000000c1200000| 99%| O|  |TAMS 0x00000000c11fffd8, 0x00000000c1100000| Untracked 
|  18|0x00000000c1200000, 0x00000000c12ffff0, 0x00000000c1300000| 99%| O|  |TAMS 0x00000000c12ffff0, 0x00000000c1200000| Untracked 
|  19|0x00000000c1300000, 0x00000000c13f3f80, 0x00000000c1400000| 95%| O|  |TAMS 0x00000000c13f3f80, 0x00000000c1300000| Untracked 
|  20|0x00000000c1400000, 0x00000000c1500000, 0x00000000c1500000|100%| O|  |TAMS 0x00000000c1500000, 0x00000000c1400000| Untracked 
|  21|0x00000000c1500000, 0x00000000c15f93a8, 0x00000000c1600000| 97%| O|  |TAMS 0x00000000c15f93a8, 0x00000000c1500000| Untracked 
|  22|0x00000000c1600000, 0x00000000c16fb138, 0x00000000c1700000| 98%| O|  |TAMS 0x00000000c16fb138, 0x00000000c1600000| Untracked 
|  23|0x00000000c1700000, 0x00000000c1800000, 0x00000000c1800000|100%| O|  |TAMS 0x00000000c1800000, 0x00000000c1700000| Untracked 
|  24|0x00000000c1800000, 0x00000000c18ffff0, 0x00000000c1900000| 99%| O|  |TAMS 0x00000000c18ffff0, 0x00000000c1800000| Untracked 
|  25|0x00000000c1900000, 0x00000000c19ffff8, 0x00000000c1a00000| 99%| O|  |TAMS 0x00000000c19ffff8, 0x00000000c1900000| Untracked 
|  26|0x00000000c1a00000, 0x00000000c1aff718, 0x00000000c1b00000| 99%| O|  |TAMS 0x00000000c1aff718, 0x00000000c1a00000| Untracked 
|  27|0x00000000c1b00000, 0x00000000c1bffff8, 0x00000000c1c00000| 99%| O|  |TAMS 0x00000000c1bffff8, 0x00000000c1b00000| Untracked 
|  28|0x00000000c1c00000, 0x00000000c1d00000, 0x00000000c1d00000|100%| O|  |TAMS 0x00000000c1d00000, 0x00000000c1c00000| Untracked 
|  29|0x00000000c1d00000, 0x00000000c1d00230, 0x00000000c1e00000|  0%| O|  |TAMS 0x00000000c1d00000, 0x00000000c1d00000| Untracked 
|  30|0x00000000c1e00000, 0x00000000c1e00000, 0x00000000c1f00000|  0%| F|  |TAMS 0x00000000c1e00000, 0x00000000c1e00000| Untracked 
|  31|0x00000000c1f00000, 0x00000000c1f00000, 0x00000000c2000000|  0%| F|  |TAMS 0x00000000c1f00000, 0x00000000c1f00000| Untracked 
|  32|0x00000000c2000000, 0x00000000c20ffff8, 0x00000000c2100000| 99%| O|  |TAMS 0x00000000c20ffff8, 0x00000000c2000000| Untracked 
|  33|0x00000000c2100000, 0x00000000c21ff490, 0x00000000c2200000| 99%| O|  |TAMS 0x00000000c21ff490, 0x00000000c2100000| Untracked 
|  34|0x00000000c2200000, 0x00000000c22ffff0, 0x00000000c2300000| 99%| O|  |TAMS 0x00000000c22ffff0, 0x00000000c2200000| Untracked 
|  35|0x00000000c2300000, 0x00000000c23fffd8, 0x00000000c2400000| 99%| O|  |TAMS 0x00000000c23fffd8, 0x00000000c2300000| Untracked 
|  36|0x00000000c2400000, 0x00000000c2402270, 0x00000000c2500000|  0%| O|  |TAMS 0x00000000c2400000, 0x00000000c2400000| Untracked 
|  37|0x00000000c2500000, 0x00000000c2500000, 0x00000000c2600000|  0%| F|  |TAMS 0x00000000c2500000, 0x00000000c2500000| Untracked 
|  38|0x00000000c2600000, 0x00000000c2600000, 0x00000000c2700000|  0%| F|  |TAMS 0x00000000c2600000, 0x00000000c2600000| Untracked 
|  39|0x00000000c2700000, 0x00000000c2700000, 0x00000000c2800000|  0%| F|  |TAMS 0x00000000c2700000, 0x00000000c2700000| Untracked 
|  40|0x00000000c2800000, 0x00000000c2800000, 0x00000000c2900000|  0%| F|  |TAMS 0x00000000c2800000, 0x00000000c2800000| Untracked 
|  41|0x00000000c2900000, 0x00000000c2900000, 0x00000000c2a00000|  0%| F|  |TAMS 0x00000000c2900000, 0x00000000c2900000| Untracked 
|  42|0x00000000c2a00000, 0x00000000c2a00000, 0x00000000c2b00000|  0%| F|  |TAMS 0x00000000c2a00000, 0x00000000c2a00000| Untracked 
|  43|0x00000000c2b00000, 0x00000000c2b00000, 0x00000000c2c00000|  0%| F|  |TAMS 0x00000000c2b00000, 0x00000000c2b00000| Untracked 
|  44|0x00000000c2c00000, 0x00000000c2c00000, 0x00000000c2d00000|  0%| F|  |TAMS 0x00000000c2c00000, 0x00000000c2c00000| Untracked 
|  45|0x00000000c2d00000, 0x00000000c2d00000, 0x00000000c2e00000|  0%| F|  |TAMS 0x00000000c2d00000, 0x00000000c2d00000| Untracked 
|  46|0x00000000c2e00000, 0x00000000c2e00000, 0x00000000c2f00000|  0%| F|  |TAMS 0x00000000c2e00000, 0x00000000c2e00000| Untracked 
|  47|0x00000000c2f00000, 0x00000000c2f00000, 0x00000000c3000000|  0%| F|  |TAMS 0x00000000c2f00000, 0x00000000c2f00000| Untracked 
|  48|0x00000000c3000000, 0x00000000c3000000, 0x00000000c3100000|  0%| F|  |TAMS 0x00000000c3000000, 0x00000000c3000000| Untracked 
|  49|0x00000000c3100000, 0x00000000c3200000, 0x00000000c3200000|100%|HS|  |TAMS 0x00000000c3200000, 0x00000000c3100000| Untracked 
|  50|0x00000000c3200000, 0x00000000c3300000, 0x00000000c3300000|100%| O|  |TAMS 0x00000000c3300000, 0x00000000c3200000| Untracked 
|  51|0x00000000c3300000, 0x00000000c3300000, 0x00000000c3400000|  0%| F|  |TAMS 0x00000000c3300000, 0x00000000c3300000| Untracked 
|  52|0x00000000c3400000, 0x00000000c3400000, 0x00000000c3500000|  0%| F|  |TAMS 0x00000000c3400000, 0x00000000c3400000| Untracked 
|  53|0x00000000c3500000, 0x00000000c3500000, 0x00000000c3600000|  0%| F|  |TAMS 0x00000000c3500000, 0x00000000c3500000| Untracked 
|  54|0x00000000c3600000, 0x00000000c3600000, 0x00000000c3700000|  0%| F|  |TAMS 0x00000000c3600000, 0x00000000c3600000| Untracked 
|  55|0x00000000c3700000, 0x00000000c3700000, 0x00000000c3800000|  0%| F|  |TAMS 0x00000000c3700000, 0x00000000c3700000| Untracked 
|  56|0x00000000c3800000, 0x00000000c3800000, 0x00000000c3900000|  0%| F|  |TAMS 0x00000000c3800000, 0x00000000c3800000| Untracked 
|  57|0x00000000c3900000, 0x00000000c3900000, 0x00000000c3a00000|  0%| F|  |TAMS 0x00000000c3900000, 0x00000000c3900000| Untracked 
|  58|0x00000000c3a00000, 0x00000000c3a00000, 0x00000000c3b00000|  0%| F|  |TAMS 0x00000000c3a00000, 0x00000000c3a00000| Untracked 
|  59|0x00000000c3b00000, 0x00000000c3b00000, 0x00000000c3c00000|  0%| F|  |TAMS 0x00000000c3b00000, 0x00000000c3b00000| Untracked 
|  60|0x00000000c3c00000, 0x00000000c3c00000, 0x00000000c3d00000|  0%| F|  |TAMS 0x00000000c3c00000, 0x00000000c3c00000| Untracked 
|  61|0x00000000c3d00000, 0x00000000c3d00000, 0x00000000c3e00000|  0%| F|  |TAMS 0x00000000c3d00000, 0x00000000c3d00000| Untracked 
|  62|0x00000000c3e00000, 0x00000000c3e00000, 0x00000000c3f00000|  0%| F|  |TAMS 0x00000000c3e00000, 0x00000000c3e00000| Untracked 
|  63|0x00000000c3f00000, 0x00000000c3f00000, 0x00000000c4000000|  0%| F|  |TAMS 0x00000000c3f00000, 0x00000000c3f00000| Untracked 
|  64|0x00000000c4000000, 0x00000000c4000000, 0x00000000c4100000|  0%| F|  |TAMS 0x00000000c4000000, 0x00000000c4000000| Untracked 
|  65|0x00000000c4100000, 0x00000000c4100000, 0x00000000c4200000|  0%| F|  |TAMS 0x00000000c4100000, 0x00000000c4100000| Untracked 
|  66|0x00000000c4200000, 0x00000000c4200000, 0x00000000c4300000|  0%| F|  |TAMS 0x00000000c4200000, 0x00000000c4200000| Untracked 
|  67|0x00000000c4300000, 0x00000000c4300000, 0x00000000c4400000|  0%| F|  |TAMS 0x00000000c4300000, 0x00000000c4300000| Untracked 
|  68|0x00000000c4400000, 0x00000000c4400000, 0x00000000c4500000|  0%| F|  |TAMS 0x00000000c4400000, 0x00000000c4400000| Untracked 
|  69|0x00000000c4500000, 0x00000000c4500000, 0x00000000c4600000|  0%| F|  |TAMS 0x00000000c4500000, 0x00000000c4500000| Untracked 
|  70|0x00000000c4600000, 0x00000000c4600000, 0x00000000c4700000|  0%| F|  |TAMS 0x00000000c4600000, 0x00000000c4600000| Untracked 
|  71|0x00000000c4700000, 0x00000000c4700000, 0x00000000c4800000|  0%| F|  |TAMS 0x00000000c4700000, 0x00000000c4700000| Untracked 
|  72|0x00000000c4800000, 0x00000000c4800000, 0x00000000c4900000|  0%| F|  |TAMS 0x00000000c4800000, 0x00000000c4800000| Untracked 
|  73|0x00000000c4900000, 0x00000000c4900000, 0x00000000c4a00000|  0%| F|  |TAMS 0x00000000c4900000, 0x00000000c4900000| Untracked 
|  74|0x00000000c4a00000, 0x00000000c4a00000, 0x00000000c4b00000|  0%| F|  |TAMS 0x00000000c4a00000, 0x00000000c4a00000| Untracked 
|  75|0x00000000c4b00000, 0x00000000c4b00000, 0x00000000c4c00000|  0%| F|  |TAMS 0x00000000c4b00000, 0x00000000c4b00000| Untracked 
|  76|0x00000000c4c00000, 0x00000000c4c00000, 0x00000000c4d00000|  0%| F|  |TAMS 0x00000000c4c00000, 0x00000000c4c00000| Untracked 
|  77|0x00000000c4d00000, 0x00000000c4d00000, 0x00000000c4e00000|  0%| F|  |TAMS 0x00000000c4d00000, 0x00000000c4d00000| Untracked 
|  78|0x00000000c4e00000, 0x00000000c4e00000, 0x00000000c4f00000|  0%| F|  |TAMS 0x00000000c4e00000, 0x00000000c4e00000| Untracked 
|  79|0x00000000c4f00000, 0x00000000c4f00000, 0x00000000c5000000|  0%| F|  |TAMS 0x00000000c4f00000, 0x00000000c4f00000| Untracked 
|  80|0x00000000c5000000, 0x00000000c5000000, 0x00000000c5100000|  0%| F|  |TAMS 0x00000000c5000000, 0x00000000c5000000| Untracked 
|  81|0x00000000c5100000, 0x00000000c5100000, 0x00000000c5200000|  0%| F|  |TAMS 0x00000000c5100000, 0x00000000c5100000| Untracked 
|  82|0x00000000c5200000, 0x00000000c5200000, 0x00000000c5300000|  0%| F|  |TAMS 0x00000000c5200000, 0x00000000c5200000| Untracked 
|  83|0x00000000c5300000, 0x00000000c5300000, 0x00000000c5400000|  0%| F|  |TAMS 0x00000000c5300000, 0x00000000c5300000| Untracked 
|  84|0x00000000c5400000, 0x00000000c5400000, 0x00000000c5500000|  0%| F|  |TAMS 0x00000000c5400000, 0x00000000c5400000| Untracked 
|  85|0x00000000c5500000, 0x00000000c5500000, 0x00000000c5600000|  0%| F|  |TAMS 0x00000000c5500000, 0x00000000c5500000| Untracked 
|  86|0x00000000c5600000, 0x00000000c5600000, 0x00000000c5700000|  0%| F|  |TAMS 0x00000000c5600000, 0x00000000c5600000| Untracked 
|  87|0x00000000c5700000, 0x00000000c5700000, 0x00000000c5800000|  0%| F|  |TAMS 0x00000000c5700000, 0x00000000c5700000| Untracked 
|  88|0x00000000c5800000, 0x00000000c5800000, 0x00000000c5900000|  0%| F|  |TAMS 0x00000000c5800000, 0x00000000c5800000| Untracked 
|  89|0x00000000c5900000, 0x00000000c5900000, 0x00000000c5a00000|  0%| F|  |TAMS 0x00000000c5900000, 0x00000000c5900000| Untracked 
|  90|0x00000000c5a00000, 0x00000000c5a00000, 0x00000000c5b00000|  0%| F|  |TAMS 0x00000000c5a00000, 0x00000000c5a00000| Untracked 
|  91|0x00000000c5b00000, 0x00000000c5b00000, 0x00000000c5c00000|  0%| F|  |TAMS 0x00000000c5b00000, 0x00000000c5b00000| Untracked 
|  92|0x00000000c5c00000, 0x00000000c5c00000, 0x00000000c5d00000|  0%| F|  |TAMS 0x00000000c5c00000, 0x00000000c5c00000| Untracked 
|  93|0x00000000c5d00000, 0x00000000c5d00000, 0x00000000c5e00000|  0%| F|  |TAMS 0x00000000c5d00000, 0x00000000c5d00000| Untracked 
|  94|0x00000000c5e00000, 0x00000000c5e00000, 0x00000000c5f00000|  0%| F|  |TAMS 0x00000000c5e00000, 0x00000000c5e00000| Untracked 
|  95|0x00000000c5f00000, 0x00000000c5f00000, 0x00000000c6000000|  0%| F|  |TAMS 0x00000000c5f00000, 0x00000000c5f00000| Untracked 
|  96|0x00000000c6000000, 0x00000000c6000000, 0x00000000c6100000|  0%| F|  |TAMS 0x00000000c6000000, 0x00000000c6000000| Untracked 
|  97|0x00000000c6100000, 0x00000000c6100000, 0x00000000c6200000|  0%| F|  |TAMS 0x00000000c6100000, 0x00000000c6100000| Untracked 
|  98|0x00000000c6200000, 0x00000000c6200000, 0x00000000c6300000|  0%| F|  |TAMS 0x00000000c6200000, 0x00000000c6200000| Untracked 
|  99|0x00000000c6300000, 0x00000000c6300000, 0x00000000c6400000|  0%| F|  |TAMS 0x00000000c6300000, 0x00000000c6300000| Untracked 
| 100|0x00000000c6400000, 0x00000000c6400000, 0x00000000c6500000|  0%| F|  |TAMS 0x00000000c6400000, 0x00000000c6400000| Untracked 
| 101|0x00000000c6500000, 0x00000000c6500000, 0x00000000c6600000|  0%| F|  |TAMS 0x00000000c6500000, 0x00000000c6500000| Untracked 
| 102|0x00000000c6600000, 0x00000000c6600000, 0x00000000c6700000|  0%| F|  |TAMS 0x00000000c6600000, 0x00000000c6600000| Untracked 
| 103|0x00000000c6700000, 0x00000000c6700000, 0x00000000c6800000|  0%| F|  |TAMS 0x00000000c6700000, 0x00000000c6700000| Untracked 
| 104|0x00000000c6800000, 0x00000000c6800000, 0x00000000c6900000|  0%| F|  |TAMS 0x00000000c6800000, 0x00000000c6800000| Untracked 
| 105|0x00000000c6900000, 0x00000000c6900000, 0x00000000c6a00000|  0%| F|  |TAMS 0x00000000c6900000, 0x00000000c6900000| Untracked 
| 106|0x00000000c6a00000, 0x00000000c6a00000, 0x00000000c6b00000|  0%| F|  |TAMS 0x00000000c6a00000, 0x00000000c6a00000| Untracked 
| 107|0x00000000c6b00000, 0x00000000c6b00000, 0x00000000c6c00000|  0%| F|  |TAMS 0x00000000c6b00000, 0x00000000c6b00000| Untracked 
| 108|0x00000000c6c00000, 0x00000000c6c00000, 0x00000000c6d00000|  0%| F|  |TAMS 0x00000000c6c00000, 0x00000000c6c00000| Untracked 
| 109|0x00000000c6d00000, 0x00000000c6d00000, 0x00000000c6e00000|  0%| F|  |TAMS 0x00000000c6d00000, 0x00000000c6d00000| Untracked 
| 110|0x00000000c6e00000, 0x00000000c6e00000, 0x00000000c6f00000|  0%| F|  |TAMS 0x00000000c6e00000, 0x00000000c6e00000| Untracked 
| 111|0x00000000c6f00000, 0x00000000c6f00000, 0x00000000c7000000|  0%| F|  |TAMS 0x00000000c6f00000, 0x00000000c6f00000| Untracked 
| 112|0x00000000c7000000, 0x00000000c7000000, 0x00000000c7100000|  0%| F|  |TAMS 0x00000000c7000000, 0x00000000c7000000| Untracked 
| 113|0x00000000c7100000, 0x00000000c7100000, 0x00000000c7200000|  0%| F|  |TAMS 0x00000000c7100000, 0x00000000c7100000| Untracked 
| 114|0x00000000c7200000, 0x00000000c7200000, 0x00000000c7300000|  0%| F|  |TAMS 0x00000000c7200000, 0x00000000c7200000| Untracked 
| 115|0x00000000c7300000, 0x00000000c7300000, 0x00000000c7400000|  0%| F|  |TAMS 0x00000000c7300000, 0x00000000c7300000| Untracked 
| 116|0x00000000c7400000, 0x00000000c7400000, 0x00000000c7500000|  0%| F|  |TAMS 0x00000000c7400000, 0x00000000c7400000| Untracked 
| 117|0x00000000c7500000, 0x00000000c7500000, 0x00000000c7600000|  0%| F|  |TAMS 0x00000000c7500000, 0x00000000c7500000| Untracked 
| 118|0x00000000c7600000, 0x00000000c7600000, 0x00000000c7700000|  0%| F|  |TAMS 0x00000000c7600000, 0x00000000c7600000| Untracked 
| 119|0x00000000c7700000, 0x00000000c770e5c0, 0x00000000c7800000|  5%| E|  |TAMS 0x00000000c7700000, 0x00000000c7700000| Complete 

Card table byte_map: [0x000001462b310000,0x000001462b510000] _byte_map_base: 0x000001462ad10000

Marking Bits (Prev, Next): (CMBitMap*) 0x00000146256c1af0, (CMBitMap*) 0x00000146256c1ab0
 Prev Bits: [0x000001462c710000, 0x000001462d710000)
 Next Bits: [0x000001462b710000, 0x000001462c710000)

Polling page: 0x0000014623630000

Metaspace:

Usage:
  Non-class:     45.61 MB used.
      Class:      7.29 MB used.
       Both:     52.90 MB used.

Virtual space:
  Non-class space:       48.00 MB reserved,      45.94 MB ( 96%) committed,  6 nodes.
      Class space:        1.00 GB reserved,       7.56 MB ( <1%) committed,  1 nodes.
             Both:        1.05 GB reserved,      53.50 MB (  5%) committed. 

Chunk freelists:
   Non-Class:  2.04 MB
       Class:  559.00 KB
        Both:  2.59 MB

MaxMetaspaceSize: unlimited
CompressedClassSpaceSize: 1.00 GB
Initial GC threshold: 21.00 MB
Current GC threshold: 89.19 MB
CDS: off
MetaspaceReclaimPolicy: balanced
 - commit_granule_bytes: 65536.
 - commit_granule_words: 8192.
 - virtual_space_node_default_size: 1048576.
 - enlarge_chunks_in_place: 1.
 - new_chunks_are_fully_committed: 0.
 - uncommit_free_chunks: 1.
 - use_allocation_guard: 0.
 - handle_deallocations: 1.


Internal statistics:

num_allocs_failed_limit: 6.
num_arena_births: 612.
num_arena_deaths: 180.
num_vsnodes_births: 7.
num_vsnodes_deaths: 0.
num_space_committed: 856.
num_space_uncommitted: 0.
num_chunks_returned_to_freelist: 216.
num_chunks_taken_from_freelist: 2268.
num_chunk_merges: 66.
num_chunk_splits: 1554.
num_chunks_enlarged: 1198.
num_purges: 12.
num_inconsistent_stats: 0.

CodeCache: size=49152Kb used=13238Kb max_used=14162Kb free=35914Kb
 bounds [0x0000014628310000, 0x00000146290f0000, 0x000001462b310000]
 total_blobs=7761 nmethods=7146 adapters=542
 compilation: enabled
              stopped_count=0, restarted_count=0
 full_count=0

Compilation events (20 events):
Event: 1371.277 Thread 0x000001462fc22390 7138       1       java.util.StringTokenizer::countTokens (46 bytes)
Event: 1371.278 Thread 0x000001462fc22390 nmethod 7138 0x0000014628f1cc90 code [0x0000014628f1ce40, 0x0000014628f1cf98]
Event: 1413.300 Thread 0x000001462fc22390 7139   !   1       java.lang.ProcessBuilder::start (417 bytes)
Event: 1413.309 Thread 0x000001462fc22390 nmethod 7139 0x0000014628f1af10 code [0x0000014628f1b2a0, 0x0000014628f1c2a8]
Event: 1528.528 Thread 0x000001462fc22390 7140       1       java.lang.Runtime::getRuntime (4 bytes)
Event: 1528.529 Thread 0x000001462fc22390 nmethod 7140 0x0000014628f1ac10 code [0x0000014628f1ada0, 0x0000014628f1ae58]
Event: 1622.933 Thread 0x000001462fc22390 7141       1       java.io.FileInputStream::<init> (59 bytes)
Event: 1622.936 Thread 0x000001462fc22390 nmethod 7141 0x0000014628f1a310 code [0x0000014628f1a500, 0x0000014628f1a9c8]
Event: 1622.937 Thread 0x000001462fc22390 7142       1       java.lang.Process$PipeInputStream::<init> (6 bytes)
Event: 1622.937 Thread 0x000001462fc22390 nmethod 7142 0x0000014628f1a010 code [0x0000014628f1a1a0, 0x0000014628f1a288]
Event: 1623.295 Thread 0x000001462fc22390 7143       1       java.lang.ProcessImpl::exitValue (28 bytes)
Event: 1623.354 Thread 0x000001462fc22390 nmethod 7143 0x0000014628f19c10 code [0x0000014628f19dc0, 0x0000014628f19f18]
Event: 1623.354 Thread 0x000001462fc22390 7146   !   1       com.google.common.io.Closeables::closeQuietly (19 bytes)
Event: 1623.355 Thread 0x000001462fc22390 nmethod 7146 0x0000014628f19810 code [0x0000014628f199c0, 0x0000014628f19b38]
Event: 1623.355 Thread 0x000001462fc22390 7144       1       java.lang.ProcessImpl::getInputStream (5 bytes)
Event: 1623.355 Thread 0x000001462fc22390 nmethod 7144 0x0000014628f19510 code [0x0000014628f196a0, 0x0000014628f19778]
Event: 1623.355 Thread 0x000001462fc22390 7145       1       java.lang.ProcessImpl::getErrorStream (5 bytes)
Event: 1623.355 Thread 0x000001462fc22390 nmethod 7145 0x0000014628f19210 code [0x0000014628f193a0, 0x0000014628f19478]
Event: 1623.355 Thread 0x000001462fc22390 7147       1       java.lang.ProcessImpl::getOutputStream (5 bytes)
Event: 1623.355 Thread 0x000001462fc22390 nmethod 7147 0x0000014628f18f10 code [0x0000014628f190a0, 0x0000014628f19178]

GC Heap History (20 events):
Event: 1967.895 GC heap before
{Heap before GC invocations=231 (full 160):
 garbage-first heap   total 122880K, used 35748K [0x00000000c0000000, 0x0000000100000000)
  region size 1024K, 1 young (1024K), 0 survivors (0K)
 Metaspace       used 54169K, committed 54784K, reserved 1097728K
  class space    used 7464K, committed 7744K, reserved 1048576K
}
Event: 1967.962 GC heap after
{Heap after GC invocations=232 (full 161):
 garbage-first heap   total 122880K, used 35748K [0x00000000c0000000, 0x0000000100000000)
  region size 1024K, 0 young (0K), 0 survivors (0K)
 Metaspace       used 54169K, committed 54784K, reserved 1097728K
  class space    used 7464K, committed 7744K, reserved 1048576K
}
Event: 1978.323 GC heap before
{Heap before GC invocations=232 (full 161):
 garbage-first heap   total 122880K, used 35748K [0x00000000c0000000, 0x0000000100000000)
  region size 1024K, 1 young (1024K), 0 survivors (0K)
 Metaspace       used 54169K, committed 54784K, reserved 1097728K
  class space    used 7464K, committed 7744K, reserved 1048576K
}
Event: 1978.373 GC heap after
{Heap after GC invocations=233 (full 162):
 garbage-first heap   total 122880K, used 35748K [0x00000000c0000000, 0x0000000100000000)
  region size 1024K, 0 young (0K), 0 survivors (0K)
 Metaspace       used 54169K, committed 54784K, reserved 1097728K
  class space    used 7464K, committed 7744K, reserved 1048576K
}
Event: 1988.717 GC heap before
{Heap before GC invocations=233 (full 162):
 garbage-first heap   total 122880K, used 35748K [0x00000000c0000000, 0x0000000100000000)
  region size 1024K, 1 young (1024K), 0 survivors (0K)
 Metaspace       used 54169K, committed 54784K, reserved 1097728K
  class space    used 7464K, committed 7744K, reserved 1048576K
}
Event: 1988.768 GC heap after
{Heap after GC invocations=234 (full 163):
 garbage-first heap   total 122880K, used 35748K [0x00000000c0000000, 0x0000000100000000)
  region size 1024K, 0 young (0K), 0 survivors (0K)
 Metaspace       used 54169K, committed 54784K, reserved 1097728K
  class space    used 7464K, committed 7744K, reserved 1048576K
}
Event: 1999.232 GC heap before
{Heap before GC invocations=234 (full 163):
 garbage-first heap   total 122880K, used 35748K [0x00000000c0000000, 0x0000000100000000)
  region size 1024K, 1 young (1024K), 0 survivors (0K)
 Metaspace       used 54169K, committed 54784K, reserved 1097728K
  class space    used 7464K, committed 7744K, reserved 1048576K
}
Event: 1999.342 GC heap after
{Heap after GC invocations=235 (full 164):
 garbage-first heap   total 122880K, used 35748K [0x00000000c0000000, 0x0000000100000000)
  region size 1024K, 0 young (0K), 0 survivors (0K)
 Metaspace       used 54169K, committed 54784K, reserved 1097728K
  class space    used 7464K, committed 7744K, reserved 1048576K
}
Event: 2009.738 GC heap before
{Heap before GC invocations=235 (full 164):
 garbage-first heap   total 122880K, used 35748K [0x00000000c0000000, 0x0000000100000000)
  region size 1024K, 1 young (1024K), 0 survivors (0K)
 Metaspace       used 54169K, committed 54784K, reserved 1097728K
  class space    used 7464K, committed 7744K, reserved 1048576K
}
Event: 2009.818 GC heap after
{Heap after GC invocations=236 (full 165):
 garbage-first heap   total 122880K, used 35748K [0x00000000c0000000, 0x0000000100000000)
  region size 1024K, 0 young (0K), 0 survivors (0K)
 Metaspace       used 54169K, committed 54784K, reserved 1097728K
  class space    used 7464K, committed 7744K, reserved 1048576K
}
Event: 2020.194 GC heap before
{Heap before GC invocations=236 (full 165):
 garbage-first heap   total 122880K, used 35748K [0x00000000c0000000, 0x0000000100000000)
  region size 1024K, 1 young (1024K), 0 survivors (0K)
 Metaspace       used 54169K, committed 54784K, reserved 1097728K
  class space    used 7464K, committed 7744K, reserved 1048576K
}
Event: 2020.257 GC heap after
{Heap after GC invocations=237 (full 166):
 garbage-first heap   total 122880K, used 35748K [0x00000000c0000000, 0x0000000100000000)
  region size 1024K, 0 young (0K), 0 survivors (0K)
 Metaspace       used 54169K, committed 54784K, reserved 1097728K
  class space    used 7464K, committed 7744K, reserved 1048576K
}
Event: 2030.641 GC heap before
{Heap before GC invocations=237 (full 166):
 garbage-first heap   total 122880K, used 35748K [0x00000000c0000000, 0x0000000100000000)
  region size 1024K, 1 young (1024K), 0 survivors (0K)
 Metaspace       used 54169K, committed 54784K, reserved 1097728K
  class space    used 7464K, committed 7744K, reserved 1048576K
}
Event: 2030.713 GC heap after
{Heap after GC invocations=238 (full 167):
 garbage-first heap   total 122880K, used 35748K [0x00000000c0000000, 0x0000000100000000)
  region size 1024K, 0 young (0K), 0 survivors (0K)
 Metaspace       used 54169K, committed 54784K, reserved 1097728K
  class space    used 7464K, committed 7744K, reserved 1048576K
}
Event: 2040.945 GC heap before
{Heap before GC invocations=238 (full 167):
 garbage-first heap   total 122880K, used 35748K [0x00000000c0000000, 0x0000000100000000)
  region size 1024K, 1 young (1024K), 0 survivors (0K)
 Metaspace       used 54169K, committed 54784K, reserved 1097728K
  class space    used 7464K, committed 7744K, reserved 1048576K
}
Event: 2041.020 GC heap after
{Heap after GC invocations=239 (full 168):
 garbage-first heap   total 122880K, used 35748K [0x00000000c0000000, 0x0000000100000000)
  region size 1024K, 0 young (0K), 0 survivors (0K)
 Metaspace       used 54169K, committed 54784K, reserved 1097728K
  class space    used 7464K, committed 7744K, reserved 1048576K
}
Event: 2051.489 GC heap before
{Heap before GC invocations=239 (full 168):
 garbage-first heap   total 122880K, used 35748K [0x00000000c0000000, 0x0000000100000000)
  region size 1024K, 1 young (1024K), 0 survivors (0K)
 Metaspace       used 54169K, committed 54784K, reserved 1097728K
  class space    used 7464K, committed 7744K, reserved 1048576K
}
Event: 2051.571 GC heap after
{Heap after GC invocations=240 (full 169):
 garbage-first heap   total 122880K, used 35748K [0x00000000c0000000, 0x0000000100000000)
  region size 1024K, 0 young (0K), 0 survivors (0K)
 Metaspace       used 54169K, committed 54784K, reserved 1097728K
  class space    used 7464K, committed 7744K, reserved 1048576K
}
Event: 2061.939 GC heap before
{Heap before GC invocations=240 (full 169):
 garbage-first heap   total 122880K, used 35748K [0x00000000c0000000, 0x0000000100000000)
  region size 1024K, 1 young (1024K), 0 survivors (0K)
 Metaspace       used 54169K, committed 54784K, reserved 1097728K
  class space    used 7464K, committed 7744K, reserved 1048576K
}
Event: 2062.021 GC heap after
{Heap after GC invocations=241 (full 170):
 garbage-first heap   total 122880K, used 35748K [0x00000000c0000000, 0x0000000100000000)
  region size 1024K, 0 young (0K), 0 survivors (0K)
 Metaspace       used 54169K, committed 54784K, reserved 1097728K
  class space    used 7464K, committed 7744K, reserved 1048576K
}

Dll operation events (9 events):
Event: 0.164 Loaded shared library c:\Users\LENOVO I5\.vscode\extensions\redhat.java-1.14.0-win32-x64\jre\17.0.5-win32-x86_64\bin\java.dll
Event: 5.465 Loaded shared library C:\Users\LENOVO I5\.vscode\extensions\redhat.java-1.14.0-win32-x64\jre\17.0.5-win32-x86_64\bin\net.dll
Event: 5.468 Loaded shared library C:\Users\LENOVO I5\.vscode\extensions\redhat.java-1.14.0-win32-x64\jre\17.0.5-win32-x86_64\bin\nio.dll
Event: 7.716 Loaded shared library C:\Users\LENOVO I5\.vscode\extensions\redhat.java-1.14.0-win32-x64\jre\17.0.5-win32-x86_64\bin\zip.dll
Event: 31.370 Loaded shared library C:\Users\LENOVO I5\.vscode\extensions\redhat.java-1.14.0-win32-x64\jre\17.0.5-win32-x86_64\bin\jimage.dll
Event: 33.723 Loaded shared library c:\Users\LENOVO I5\.vscode\extensions\redhat.java-1.14.0-win32-x64\jre\17.0.5-win32-x86_64\bin\verify.dll
Event: 47.812 Loaded shared library C:\Users\LENOVO I5\.vscode\extensions\redhat.java-1.14.0-win32-x64\jre\17.0.5-win32-x86_64\bin\management.dll
Event: 47.890 Loaded shared library C:\Users\LENOVO I5\.vscode\extensions\redhat.java-1.14.0-win32-x64\jre\17.0.5-win32-x86_64\bin\management_ext.dll
Event: 52.706 Loaded shared library C:\Users\LENOVO I5\.vscode\extensions\redhat.java-1.14.0-win32-x64\jre\17.0.5-win32-x86_64\bin\sunmscapi.dll

Deoptimization events (20 events):
Event: 51.322 Thread 0x0000014631cd9140 DEOPT PACKING pc=0x0000014628b4b394 sp=0x00000024e58feb00
Event: 51.322 Thread 0x0000014631cd9140 DEOPT UNPACKING pc=0x0000014628362b43 sp=0x00000024e58fdfe0 mode 0
Event: 52.474 Thread 0x0000014634467090 DEOPT PACKING pc=0x0000014628476f0c sp=0x00000024e65fdd60
Event: 52.474 Thread 0x0000014634467090 DEOPT UNPACKING pc=0x0000014628362b43 sp=0x00000024e65fd228 mode 0
Event: 87.367 Thread 0x0000014631b695c0 DEOPT PACKING pc=0x000001462880eb52 sp=0x00000024e54fdb70
Event: 87.368 Thread 0x0000014631b695c0 DEOPT UNPACKING pc=0x0000014628362b43 sp=0x00000024e54fd078 mode 3
Event: 88.334 Thread 0x0000014631b695c0 DEOPT PACKING pc=0x0000014629083f74 sp=0x00000024e54fdbe0
Event: 88.334 Thread 0x0000014631b695c0 DEOPT UNPACKING pc=0x0000014628362b43 sp=0x00000024e54fd110 mode 0
Event: 88.335 Thread 0x0000014631b695c0 DEOPT PACKING pc=0x00000146290a621c sp=0x00000024e54fde10
Event: 88.335 Thread 0x0000014631b695c0 DEOPT UNPACKING pc=0x0000014628362b43 sp=0x00000024e54fd318 mode 0
Event: 88.335 Thread 0x0000014631b695c0 DEOPT PACKING pc=0x000001462902fff4 sp=0x00000024e54fdf00
Event: 88.335 Thread 0x0000014631b695c0 DEOPT UNPACKING pc=0x0000014628362b43 sp=0x00000024e54fd3f8 mode 0
Event: 88.335 Thread 0x0000014631b695c0 DEOPT PACKING pc=0x0000014629033474 sp=0x00000024e54fdfd0
Event: 88.335 Thread 0x0000014631b695c0 DEOPT UNPACKING pc=0x0000014628362b43 sp=0x00000024e54fd4a8 mode 0
Event: 88.335 Thread 0x0000014631b695c0 DEOPT PACKING pc=0x0000014628ff8ca4 sp=0x00000024e54fe080
Event: 88.335 Thread 0x0000014631b695c0 DEOPT UNPACKING pc=0x0000014628362b43 sp=0x00000024e54fd600 mode 0
Event: 88.337 Thread 0x0000014631b695c0 DEOPT PACKING pc=0x000001462904872c sp=0x00000024e54fe3a0
Event: 88.337 Thread 0x0000014631b695c0 DEOPT UNPACKING pc=0x0000014628362b43 sp=0x00000024e54fd830 mode 0
Event: 91.584 Thread 0x00000146310e0470 DEOPT PACKING pc=0x000001462870bf54 sp=0x00000024e52ff260
Event: 91.584 Thread 0x00000146310e0470 DEOPT UNPACKING pc=0x0000014628362b43 sp=0x00000024e52fe708 mode 0

Classes unloaded (20 events):
Event: 195.288 Thread 0x000001462fbc4c00 Unloading class 0x0000000100775800 'jdk/internal/reflect/GeneratedConstructorAccessor37'
Event: 195.288 Thread 0x000001462fbc4c00 Unloading class 0x0000000100775400 'jdk/internal/reflect/GeneratedConstructorAccessor36'
Event: 195.288 Thread 0x000001462fbc4c00 Unloading class 0x0000000100775000 'jdk/internal/reflect/GeneratedConstructorAccessor35'
Event: 195.288 Thread 0x000001462fbc4c00 Unloading class 0x0000000100774c00 'jdk/internal/reflect/GeneratedConstructorAccessor34'
Event: 195.288 Thread 0x000001462fbc4c00 Unloading class 0x0000000100774800 'jdk/internal/reflect/GeneratedConstructorAccessor33'
Event: 195.288 Thread 0x000001462fbc4c00 Unloading class 0x0000000100774400 'jdk/internal/reflect/GeneratedConstructorAccessor32'
Event: 195.288 Thread 0x000001462fbc4c00 Unloading class 0x0000000100740000 'jdk/internal/reflect/GeneratedMethodAccessor21'
Event: 195.288 Thread 0x000001462fbc4c00 Unloading class 0x00000001000cb800 'java/lang/invoke/LambdaForm$MH+0x00000001000cb800'
Event: 195.288 Thread 0x000001462fbc4c00 Unloading class 0x00000001000cb400 'java/lang/invoke/LambdaForm$MH+0x00000001000cb400'
Event: 195.288 Thread 0x000001462fbc4c00 Unloading class 0x00000001000cb000 'java/lang/invoke/LambdaForm$MH+0x00000001000cb000'
Event: 195.288 Thread 0x000001462fbc4c00 Unloading class 0x00000001000cac00 'java/lang/invoke/LambdaForm$MH+0x00000001000cac00'
Event: 195.288 Thread 0x000001462fbc4c00 Unloading class 0x00000001000ca800 'java/lang/invoke/LambdaForm$MH+0x00000001000ca800'
Event: 195.288 Thread 0x000001462fbc4c00 Unloading class 0x00000001000ca400 'java/lang/invoke/LambdaForm$MH+0x00000001000ca400'
Event: 195.288 Thread 0x000001462fbc4c00 Unloading class 0x00000001000c9c00 'java/lang/invoke/LambdaForm$MH+0x00000001000c9c00'
Event: 195.288 Thread 0x000001462fbc4c00 Unloading class 0x00000001000c9400 'java/lang/invoke/LambdaForm$MH+0x00000001000c9400'
Event: 195.288 Thread 0x000001462fbc4c00 Unloading class 0x00000001000c8c00 'java/lang/invoke/LambdaForm$MH+0x00000001000c8c00'
Event: 195.288 Thread 0x000001462fbc4c00 Unloading class 0x00000001000c8400 'java/lang/invoke/LambdaForm$MH+0x00000001000c8400'
Event: 581.498 Thread 0x000001462fbc4c00 Unloading class 0x00000001000cb800 'java/lang/invoke/LambdaForm$MH+0x00000001000cb800'
Event: 581.498 Thread 0x000001462fbc4c00 Unloading class 0x0000000100740000 'java/lang/invoke/LambdaForm$MH+0x0000000100740000'
Event: 581.498 Thread 0x000001462fbc4c00 Unloading class 0x0000000100774400 'java/lang/invoke/LambdaForm$MH+0x0000000100774400'

Classes redefined (0 events):
No events

Internal exceptions (20 events):
Event: 86.378 Thread 0x000001463202c170 Exception <a 'sun/nio/fs/WindowsException'{0x00000000dd563f50}> (0x00000000dd563f50) 
thrown [s\src\hotspot\share\prims\jni.cpp, line 516]
Event: 86.381 Thread 0x000001463202c170 Exception <a 'sun/nio/fs/WindowsException'{0x00000000dd564340}> (0x00000000dd564340) 
thrown [s\src\hotspot\share\prims\jni.cpp, line 516]
Event: 86.381 Thread 0x000001463202c170 Exception <a 'sun/nio/fs/WindowsException'{0x00000000dd564d40}> (0x00000000dd564d40) 
thrown [s\src\hotspot\share\prims\jni.cpp, line 516]
Event: 86.381 Thread 0x000001463202c170 Exception <a 'sun/nio/fs/WindowsException'{0x00000000dd5650f8}> (0x00000000dd5650f8) 
thrown [s\src\hotspot\share\prims\jni.cpp, line 516]
Event: 86.381 Thread 0x000001463202c170 Exception <a 'sun/nio/fs/WindowsException'{0x00000000dd565b00}> (0x00000000dd565b00) 
thrown [s\src\hotspot\share\prims\jni.cpp, line 516]
Event: 86.381 Thread 0x000001463202c170 Exception <a 'sun/nio/fs/WindowsException'{0x00000000dd565ed0}> (0x00000000dd565ed0) 
thrown [s\src\hotspot\share\prims\jni.cpp, line 516]
Event: 86.381 Thread 0x000001463202c170 Exception <a 'sun/nio/fs/WindowsException'{0x00000000dd5668d0}> (0x00000000dd5668d0) 
thrown [s\src\hotspot\share\prims\jni.cpp, line 516]
Event: 86.381 Thread 0x000001463202c170 Exception <a 'sun/nio/fs/WindowsException'{0x00000000dd566c90}> (0x00000000dd566c90) 
thrown [s\src\hotspot\share\prims\jni.cpp, line 516]
Event: 86.381 Thread 0x000001463202c170 Exception <a 'sun/nio/fs/WindowsException'{0x00000000dd567698}> (0x00000000dd567698) 
thrown [s\src\hotspot\share\prims\jni.cpp, line 516]
Event: 86.382 Thread 0x000001463202c170 Exception <a 'sun/nio/fs/WindowsException'{0x00000000dd567a68}> (0x00000000dd567a68) 
thrown [s\src\hotspot\share\prims\jni.cpp, line 516]
Event: 86.382 Thread 0x000001463202c170 Exception <a 'sun/nio/fs/WindowsException'{0x00000000dd568490}> (0x00000000dd568490) 
thrown [s\src\hotspot\share\prims\jni.cpp, line 516]
Event: 86.382 Thread 0x000001463202c170 Exception <a 'sun/nio/fs/WindowsException'{0x00000000dd568880}> (0x00000000dd568880) 
thrown [s\src\hotspot\share\prims\jni.cpp, line 516]
Event: 86.382 Thread 0x000001463202c170 Exception <a 'sun/nio/fs/WindowsException'{0x00000000dd5692b8}> (0x00000000dd5692b8) 
thrown [s\src\hotspot\share\prims\jni.cpp, line 516]
Event: 86.382 Thread 0x000001463202c170 Exception <a 'sun/nio/fs/WindowsException'{0x00000000dd5696c0}> (0x00000000dd5696c0) 
thrown [s\src\hotspot\share\prims\jni.cpp, line 516]
Event: 86.383 Thread 0x000001463202c170 Exception <a 'sun/nio/fs/WindowsException'{0x00000000dd56a0f0}> (0x00000000dd56a0f0) 
thrown [s\src\hotspot\share\prims\jni.cpp, line 516]
Event: 86.383 Thread 0x000001463202c170 Exception <a 'sun/nio/fs/WindowsException'{0x00000000dd56a4f0}> (0x00000000dd56a4f0) 
thrown [s\src\hotspot\share\prims\jni.cpp, line 516]
Event: 86.799 Thread 0x0000014631b695c0 Exception <a 'java/lang/NoSuchMethodError'{0x00000000dca11420}: 'void java.lang.invoke.DirectMethodHandle$Holder.invokeStatic(java.lang.Object, java.lang.Object, java.lang.Object, java.lang.Object, java.lang.Object, java.lang.Object, java.lang.Object)'> (0x00000000dca11420) 
thrown [s\src\hotspot\share\interpreter\linkResolver.cpp, line 759]
Event: 87.902 Thread 0x0000014630f037f0 Exception <a 'java/lang/NoSuchMethodError'{0x00000000d83024e0}: 'void java.lang.invoke.DirectMethodHandle$Holder.invokeStatic(java.lang.Object, long)'> (0x00000000d83024e0) 
thrown [s\src\hotspot\share\interpreter\linkResolver.cpp, line 759]
Event: 87.903 Thread 0x0000014630f037f0 Exception <a 'java/lang/NoSuchMethodError'{0x00000000d8307888}: 'java.lang.Object java.lang.invoke.DirectMethodHandle$Holder.newInvokeSpecial(java.lang.Object, long)'> (0x00000000d8307888) 
thrown [s\src\hotspot\share\interpreter\linkResolver.cpp, line 759]
Event: 488.520 Thread 0x0000014634467a30 Exception <a 'java/lang/NoSuchMethodError'{0x00000000c772c948}: 'java.lang.Object java.lang.invoke.DirectMethodHandle$Holder.invokeStatic(java.lang.Object, java.lang.Object, java.lang.Object, java.lang.Object, int)'> (0x00000000c772c948) 
thrown [s\src\hotspot\share\interpreter\linkResolver.cpp, line 759]

VM Operations (20 events):
Event: 1967.962 Executing VM operation: G1CollectFull done
Event: 1978.323 Executing VM operation: G1CollectFull
Event: 1978.373 Executing VM operation: G1CollectFull done
Event: 1988.717 Executing VM operation: G1CollectFull
Event: 1988.768 Executing VM operation: G1CollectFull done
Event: 1999.232 Executing VM operation: G1CollectFull
Event: 1999.342 Executing VM operation: G1CollectFull done
Event: 2009.737 Executing VM operation: G1CollectFull
Event: 2009.818 Executing VM operation: G1CollectFull done
Event: 2020.194 Executing VM operation: G1CollectFull
Event: 2020.257 Executing VM operation: G1CollectFull done
Event: 2030.641 Executing VM operation: G1CollectFull
Event: 2030.713 Executing VM operation: G1CollectFull done
Event: 2040.945 Executing VM operation: G1CollectFull
Event: 2041.020 Executing VM operation: G1CollectFull done
Event: 2051.489 Executing VM operation: G1CollectFull
Event: 2051.571 Executing VM operation: G1CollectFull done
Event: 2061.938 Executing VM operation: G1CollectFull
Event: 2062.021 Executing VM operation: G1CollectFull done
Event: 2072.169 Executing VM operation: G1CollectFull

Events (20 events):
Event: 426.031 Thread 0x0000014634462860 Thread added: 0x0000014634462860
Event: 428.079 Thread 0x0000014634464540 Thread added: 0x0000014634464540
Event: 488.087 Thread 0x0000014634464540 Thread exited: 0x0000014634464540
Event: 488.087 Thread 0x0000014634462860 Thread exited: 0x0000014634462860
Event: 488.487 Thread 0x0000014634467a30 Thread added: 0x0000014634467a30
Event: 489.201 Thread 0x0000014634578060 Thread added: 0x0000014634578060
Event: 549.643 Thread 0x0000014634578060 Thread exited: 0x0000014634578060
Event: 549.643 Thread 0x0000014634467a30 Thread exited: 0x0000014634467a30
Event: 598.455 Thread 0x0000014631c3a080 Thread added: 0x0000014631c3a080
Event: 599.363 Thread 0x0000014634578530 Thread added: 0x0000014634578530
Event: 659.927 Thread 0x0000014631c3a080 Thread exited: 0x0000014631c3a080
Event: 659.927 Thread 0x0000014634578530 Thread exited: 0x0000014634578530
Event: 793.589 Thread 0x0000014634468d70 Thread added: 0x0000014634468d70
Event: 794.885 Thread 0x0000014634578ed0 Thread added: 0x0000014634578ed0
Event: 855.565 Thread 0x0000014634578ed0 Thread exited: 0x0000014634578ed0
Event: 855.565 Thread 0x0000014634468d70 Thread exited: 0x0000014634468d70
Event: 897.488 Thread 0x0000014631efb3c0 Thread added: 0x0000014631efb3c0
Event: 897.747 Thread 0x0000014631efb890 Thread added: 0x0000014631efb890
Event: 957.757 Thread 0x0000014631efb890 Thread exited: 0x0000014631efb890
Event: 957.757 Thread 0x0000014631efb3c0 Thread exited: 0x0000014631efb3c0


Dynamic libraries:
0x00007ff6b9d00000 - 0x00007ff6b9d0e000 	c:\Users\LENOVO I5\.vscode\extensions\redhat.java-1.14.0-win32-x64\jre\17.0.5-win32-x86_64\bin\java.exe
0x00007ff8a97f0000 - 0x00007ff8a99e8000 	C:\WINDOWS\SYSTEM32\ntdll.dll
0x00007ff8a96f0000 - 0x00007ff8a97af000 	C:\WINDOWS\System32\KERNEL32.DLL
0x00007ff8a7360000 - 0x00007ff8a7632000 	C:\WINDOWS\System32\KERNELBASE.dll
0x00007ff8a7060000 - 0x00007ff8a7160000 	C:\WINDOWS\System32\ucrtbase.dll
0x00007ff87ea40000 - 0x00007ff87ea57000 	c:\Users\LENOVO I5\.vscode\extensions\redhat.java-1.14.0-win32-x64\jre\17.0.5-win32-x86_64\bin\jli.dll
0x00007ff87e840000 - 0x00007ff87e859000 	c:\Users\LENOVO I5\.vscode\extensions\redhat.java-1.14.0-win32-x64\jre\17.0.5-win32-x86_64\bin\VCRUNTIME140.dll
0x00007ff8a8070000 - 0x00007ff8a8211000 	C:\WINDOWS\System32\USER32.dll
0x00007ff890100000 - 0x00007ff89039a000 	C:\WINDOWS\WinSxS\amd64_microsoft.windows.common-controls_6595b64144ccf1df_6.0.19041.1110_none_60b5254171f9507e\COMCTL32.dll
0x00007ff8a7800000 - 0x00007ff8a7822000 	C:\WINDOWS\System32\win32u.dll
0x00007ff8a79b0000 - 0x00007ff8a7a4e000 	C:\WINDOWS\System32\msvcrt.dll
0x00007ff8a7cd0000 - 0x00007ff8a7cfb000 	C:\WINDOWS\System32\GDI32.dll
0x00007ff8a76f0000 - 0x00007ff8a77ff000 	C:\WINDOWS\System32\gdi32full.dll
0x00007ff8a7160000 - 0x00007ff8a71fd000 	C:\WINDOWS\System32\msvcp_win.dll
0x00007ff8a8290000 - 0x00007ff8a82c2000 	C:\WINDOWS\System32\IMM32.DLL
0x00007ff88b7a0000 - 0x00007ff88b7ac000 	c:\Users\LENOVO I5\.vscode\extensions\redhat.java-1.14.0-win32-x64\jre\17.0.5-win32-x86_64\bin\vcruntime140_1.dll
0x00007ff863600000 - 0x00007ff863691000 	c:\Users\LENOVO I5\.vscode\extensions\redhat.java-1.14.0-win32-x64\jre\17.0.5-win32-x86_64\bin\msvcp140.dll
0x00007ff856330000 - 0x00007ff856f74000 	c:\Users\LENOVO I5\.vscode\extensions\redhat.java-1.14.0-win32-x64\jre\17.0.5-win32-x86_64\bin\server\jvm.dll
0x00007ff8a7c00000 - 0x00007ff8a7cae000 	C:\WINDOWS\System32\ADVAPI32.dll
0x00007ff8a7830000 - 0x00007ff8a78cc000 	C:\WINDOWS\System32\sechost.dll
0x00007ff8a7db0000 - 0x00007ff8a7ed5000 	C:\WINDOWS\System32\RPCRT4.dll
0x00007ff8a27d0000 - 0x00007ff8a27d9000 	C:\WINDOWS\SYSTEM32\WSOCK32.dll
0x00007ff8a8220000 - 0x00007ff8a828b000 	C:\WINDOWS\System32\WS2_32.dll
0x00007ff88ea40000 - 0x00007ff88ea67000 	C:\WINDOWS\SYSTEM32\WINMM.dll
0x00007ff8a1260000 - 0x00007ff8a126a000 	C:\WINDOWS\SYSTEM32\VERSION.dll
0x00007ff8a4d60000 - 0x00007ff8a4d72000 	C:\WINDOWS\SYSTEM32\kernel.appcore.dll
0x00007ff889ba0000 - 0x00007ff889baa000 	c:\Users\LENOVO I5\.vscode\extensions\redhat.java-1.14.0-win32-x64\jre\17.0.5-win32-x86_64\bin\jimage.dll
0x00007ff8a2190000 - 0x00007ff8a2374000 	C:\WINDOWS\SYSTEM32\DBGHELP.DLL
0x00007ff892d50000 - 0x00007ff892d85000 	C:\WINDOWS\SYSTEM32\dbgcore.DLL
0x00007ff8a6fd0000 - 0x00007ff8a7052000 	C:\WINDOWS\System32\bcryptPrimitives.dll
0x00007ff876820000 - 0x00007ff876845000 	c:\Users\LENOVO I5\.vscode\extensions\redhat.java-1.14.0-win32-x64\jre\17.0.5-win32-x86_64\bin\java.dll
0x00007ff87e820000 - 0x00007ff87e838000 	c:\Users\LENOVO I5\.vscode\extensions\redhat.java-1.14.0-win32-x64\jre\17.0.5-win32-x86_64\bin\zip.dll
0x00007ff8a87f0000 - 0x00007ff8a8f34000 	C:\WINDOWS\System32\SHELL32.dll
0x00007ff8a4f60000 - 0x00007ff8a56f2000 	C:\WINDOWS\SYSTEM32\windows.storage.dll
0x00007ff8a8f50000 - 0x00007ff8a92a5000 	C:\WINDOWS\System32\combase.dll
0x00007ff8a67d0000 - 0x00007ff8a6800000 	C:\WINDOWS\SYSTEM32\Wldp.dll
0x00007ff8a7d00000 - 0x00007ff8a7dad000 	C:\WINDOWS\System32\SHCORE.dll
0x00007ff8a8010000 - 0x00007ff8a8065000 	C:\WINDOWS\System32\shlwapi.dll
0x00007ff8a6e20000 - 0x00007ff8a6e3f000 	C:\WINDOWS\SYSTEM32\profapi.dll
0x00007ff879920000 - 0x00007ff879939000 	C:\Users\LENOVO I5\.vscode\extensions\redhat.java-1.14.0-win32-x64\jre\17.0.5-win32-x86_64\bin\net.dll
0x00007ff89e890000 - 0x00007ff89e99c000 	C:\WINDOWS\SYSTEM32\WINHTTP.dll
0x00007ff8a6570000 - 0x00007ff8a65da000 	C:\WINDOWS\system32\mswsock.dll
0x00007ff878350000 - 0x00007ff878365000 	C:\Users\LENOVO I5\.vscode\extensions\redhat.java-1.14.0-win32-x64\jre\17.0.5-win32-x86_64\bin\nio.dll
0x00007ff8895f0000 - 0x00007ff889600000 	c:\Users\LENOVO I5\.vscode\extensions\redhat.java-1.14.0-win32-x64\jre\17.0.5-win32-x86_64\bin\verify.dll
0x00007ff8a6740000 - 0x00007ff8a6758000 	C:\WINDOWS\SYSTEM32\CRYPTSP.dll
0x00007ff8a5ea0000 - 0x00007ff8a5ed4000 	C:\WINDOWS\system32\rsaenh.dll
0x00007ff8a6f50000 - 0x00007ff8a6f77000 	C:\WINDOWS\System32\bcrypt.dll
0x00007ff8a6da0000 - 0x00007ff8a6dce000 	C:\WINDOWS\SYSTEM32\USERENV.dll
0x00007ff8a6700000 - 0x00007ff8a670c000 	C:\WINDOWS\SYSTEM32\CRYPTBASE.dll
0x00007ff8a6270000 - 0x00007ff8a62ab000 	C:\WINDOWS\SYSTEM32\IPHLPAPI.DLL
0x00007ff8a8f40000 - 0x00007ff8a8f48000 	C:\WINDOWS\System32\NSI.dll
0x00007ff8a0050000 - 0x00007ff8a0067000 	C:\WINDOWS\SYSTEM32\dhcpcsvc6.DLL
0x00007ff89fd00000 - 0x00007ff89fd1d000 	C:\WINDOWS\SYSTEM32\dhcpcsvc.DLL
0x00007ff8a62b0000 - 0x00007ff8a637a000 	C:\WINDOWS\SYSTEM32\DNSAPI.dll
0x00007ff88d860000 - 0x00007ff88d869000 	C:\Users\LENOVO I5\.vscode\extensions\redhat.java-1.14.0-win32-x64\jre\17.0.5-win32-x86_64\bin\management.dll
0x00007ff889380000 - 0x00007ff88938b000 	C:\Users\LENOVO I5\.vscode\extensions\redhat.java-1.14.0-win32-x64\jre\17.0.5-win32-x86_64\bin\management_ext.dll
0x00007ff8a78d0000 - 0x00007ff8a78d8000 	C:\WINDOWS\System32\PSAPI.DLL
0x00007ff8891b0000 - 0x00007ff8891be000 	C:\Users\LENOVO I5\.vscode\extensions\redhat.java-1.14.0-win32-x64\jre\17.0.5-win32-x86_64\bin\sunmscapi.dll
0x00007ff8a7200000 - 0x00007ff8a7356000 	C:\WINDOWS\System32\CRYPT32.dll
0x00007ff8a6840000 - 0x00007ff8a6867000 	C:\WINDOWS\SYSTEM32\ncrypt.dll
0x00007ff8a6800000 - 0x00007ff8a683b000 	C:\WINDOWS\SYSTEM32\NTASN1.dll
0x00007ff89dd10000 - 0x00007ff89dd1a000 	C:\Windows\System32\rasadhlp.dll
0x00007ff89cf80000 - 0x00007ff89d000000 	C:\WINDOWS\System32\fwpuclnt.dll

dbghelp: loaded successfully - version: 4.0.5 - missing functions: none
symbol engine: initialized successfully - sym options: 0x614 - pdb path: .;c:\Users\LENOVO I5\.vscode\extensions\redhat.java-1.14.0-win32-x64\jre\17.0.5-win32-x86_64\bin;C:\WINDOWS\SYSTEM32;C:\WINDOWS\WinSxS\amd64_microsoft.windows.common-controls_6595b64144ccf1df_6.0.19041.1110_none_60b5254171f9507e;c:\Users\LENOVO I5\.vscode\extensions\redhat.java-1.14.0-win32-x64\jre\17.0.5-win32-x86_64\bin\server

VM Arguments:
jvm_args: -XX:+HeapDumpOnOutOfMemoryError -Xmx1024m -Dsts.lsp.client=vscode -Dsts.log.file=/dev/null -XX:TieredStopAtLevel=1 -Xlog:jni+resolve=off -Dspring.config.location=file:c:\Users\LENOVO I5\.vscode\extensions\vmware.vscode-spring-boot-1.44.0\language-server\BOOT-INF\classes\application.properties 
java_command: org.springframework.ide.vscode.boot.app.BootLanguageServerBootApp
java_class_path (initial): c:\Users\LENOVO I5\.vscode\extensions\vmware.vscode-spring-boot-1.44.0\language-server\BOOT-INF\classes;c:\Users\LENOVO I5\.vscode\extensions\vmware.vscode-spring-boot-1.44.0\language-server\BOOT-INF\lib\annotations-24.0.0.jar;c:\Users\LENOVO I5\.vscode\extensions\vmware.vscode-spring-boot-1.44.0\language-server\BOOT-INF\lib\ant-1.10.13.jar;c:\Users\LENOVO I5\.vscode\extensions\vmware.vscode-spring-boot-1.44.0\language-server\BOOT-INF\lib\ant-launcher-1.10.13.jar;c:\Users\LENOVO I5\.vscode\extensions\vmware.vscode-spring-boot-1.44.0\language-server\BOOT-INF\lib\antlr-runtime-3.5.2.jar;c:\Users\LENOVO I5\.vscode\extensions\vmware.vscode-spring-boot-1.44.0\language-server\BOOT-INF\lib\antlr4-4.9.3.jar;c:\Users\LENOVO I5\.vscode\extensions\vmware.vscode-spring-boot-1.44.0\language-server\BOOT-INF\lib\antlr4-runtime-4.9.3.jar;c:\Users\LENOVO I5\.vscode\extensions\vmware.vscode-spring-boot-1.44.0\language-server\BOOT-INF\lib\apiguardian-api-1.1.2.jar;c:\Users\LENOVO I5\.vscode\extensions\vmware.vscode-spring-boot-1.44.0\language-server\BOOT-INF\lib\asm-9.4.jar;c:\Users\LENOVO I5\.vscode\extensions\vmware.vscode-spring-boot-1.44.0\language-server\BOOT-INF\lib\asm-analysis-9.4.jar;c:\Users\LENOVO I5\.vscode\extensions\vmware.vscode-spring-boot-1.44.0\language-server\BOOT-INF\lib\asm-tree-9.4.jar;c:\Users\LENOVO I5\.vscode\extensions\vmware.vscode-spring-boot-1.44.0\language-server\BOOT-INF\lib\asm-util-9.4.jar;c:\Users\LENOVO I5\.vscode\extensions\vmware.vscode-spring-boot-1.44.0\language-server\BOOT-INF\lib\caffeine-3.1.2.jar;c:\Users\LENOVO I5\.vscode\extensions\vmware.vscode-spring-boot-1.44.0\language-server\BOOT-INF\lib\checker-qual-3.12.0.jar;c:\Users\LENOVO I5\.vscode\extensions\vmware.vscode-spring-boot-1.44.0\language-server\BOOT-INF\lib\ci-environment-9.1.0.jar;c:\Users\LENOVO I5\.vscode\extensions\vmware.vscode-spring-boot-1.44.0\language-server\BOOT-INF\lib\classgraph-4.8.149.jar;c:\Users\LENOVO I5\.vscode\extensions\vmware.vscode-s
Launcher Type: SUN_STANDARD

[Global flags]
     intx CICompilerCount                          = 3                                         {product} {ergonomic}
     uint ConcGCThreads                            = 1                                         {product} {ergonomic}
     uint G1ConcRefinementThreads                  = 4                                         {product} {ergonomic}
   size_t G1HeapRegionSize                         = 1048576                                   {product} {ergonomic}
    uintx GCDrainStackTargetSize                   = 64                                        {product} {ergonomic}
     bool HeapDumpOnOutOfMemoryError               = true                                   {manageable} {command line}
   size_t InitialHeapSize                          = 134217728                                 {product} {ergonomic}
   size_t MarkStackSize                            = 4194304                                   {product} {ergonomic}
   size_t MaxHeapSize                              = 1073741824                                {product} {command line}
   size_t MaxNewSize                               = 643825664                                 {product} {ergonomic}
   size_t MinHeapDeltaBytes                        = 1048576                                   {product} {ergonomic}
   size_t MinHeapSize                              = 8388608                                   {product} {ergonomic}
    uintx NonProfiledCodeHeapSize                  = 0                                      {pd product} {ergonomic}
     bool ProfileInterpreter                       = false                                  {pd product} {command line}
    uintx ProfiledCodeHeapSize                     = 0                                      {pd product} {ergonomic}
   size_t SoftMaxHeapSize                          = 1073741824                             {manageable} {ergonomic}
     intx TieredStopAtLevel                        = 1                                         {product} {command line}
     bool UseCompressedClassPointers               = true                           {product lp64_product} {ergonomic}
     bool UseCompressedOops                        = true                           {product lp64_product} {ergonomic}
     bool UseG1GC                                  = true                                      {product} {ergonomic}
     bool UseLargePagesIndividualAllocation        = false                                  {pd product} {ergonomic}

Logging:
Log output configuration:
 #0: stdout all=warning,jni+resolve=off uptime,level,tags
 #1: stderr all=off uptime,level,tags

Environment Variables:
PATH=C:\WINDOWS\system32;C:\WINDOWS;C:\WINDOWS\System32\Wbem;C:\WINDOWS\System32\WindowsPowerShell\v1.0\;C:\WINDOWS\System32\OpenSSH\;C:\Program Files\java\openjdk-14\jdk-14\bin;C:\Program Files\Git\cmd;C:\Program Files\nodejs\;%MAVEN@_HOME%\bin;C:\Program Files\dotnet\;C:\Program Files\java\jdk-12\bin;C:\Program Files\java\openjdk-17+35_windows-x64_bin\jdk-17\bin;;C:\Program Files\Docker\Docker\resources\bin;C:\ProgramData\DockerDesktop\version-bin;C:\Program Files\MySQL\MySQL Shell 8.0\bin\;C:\Users\LENOVO I5\AppData\Local\Microsoft\WindowsApps;C:\Users\LENOVO I5\AppData\Roaming\npm;C:\Users\LENOVO I5\AppData\Local\atom\bin;C:\Users\LENOVO I5\AppData\Local\Programs\Microsoft VS Code\bin
USERNAME=LENOVO I5
OS=Windows_NT
PROCESSOR_IDENTIFIER=Intel64 Family 6 Model 142 Stepping 9, GenuineIntel
TMP=C:\Users\LENOVO~1\AppData\Local\Temp
TEMP=C:\Users\LENOVO~1\AppData\Local\Temp



---------------  S Y S T E M  ---------------

OS:
 Windows 10 , 64 bit Build 19041 (10.0.19041.2364)
OS uptime: 18 days 9:26 hours
Hyper-V role detected

CPU: total 4 (initial active 4) (2 cores per cpu, 2 threads per core) family 6 model 142 stepping 9 microcode 0xd6, cx8, cmov, fxsr, ht, mmx, 3dnowpref, sse, sse2, sse3, ssse3, sse4.1, sse4.2, popcnt, lzcnt, tsc, tscinvbit, avx, avx2, aes, erms, clmul, bmi1, bmi2, adx, fma, vzeroupper, clflush, clflushopt, hv

Memory: 4k page, system-wide physical 8066M (527M free)
TotalPageFile size 11970M (AvailPageFile size 12M)
current process WorkingSet (physical memory assigned to process): 143M, peak: 553M
current process commit charge ("private bytes"): 282M, peak: 771M

vm_info: OpenJDK 64-Bit Server VM (17.0.5+8) for windows-amd64 JRE (17.0.5+8), built on Oct 19 2022 04:48:13 by "temurin" with MS VC++ 16.7 (VS2019)

END.
